0 info it worked if it ends with ok
1 verbose cli [ '/usr/local/bin/node', '/usr/local/bin/npm', 'run', 'start-fe' ]
2 info using npm@3.10.10
3 info using node@v8.9.2
4 verbose run-script [ 'prestart-fe', 'start-fe', 'poststart-fe' ]
5 info lifecycle pingwin@0.0.1~prestart-fe: pingwin@0.0.1
6 silly lifecycle pingwin@0.0.1~prestart-fe: no script for prestart-fe, continuing
7 info lifecycle pingwin@0.0.1~start-fe: pingwin@0.0.1
8 verbose lifecycle pingwin@0.0.1~start-fe: unsafe-perm in lifecycle true
9 verbose lifecycle pingwin@0.0.1~start-fe: PATH: /usr/local/lib/node_modules/npm/bin/node-gyp-bin:/home/filip/code/pingwin/node_modules/.bin:/usr/local/bin:/usr/bin:/bin:/usr/local/games:/usr/games:/sbin/:/usr/sbin/:/home/filip/.bin:/home/filip/node_modules/bin/
10 verbose lifecycle pingwin@0.0.1~start-fe: CWD: /home/filip/code/pingwin
11 silly lifecycle pingwin@0.0.1~start-fe: Args: [ '-c', 'cd frontend && webpack-dev-server' ]
12 silly lifecycle pingwin@0.0.1~start-fe: Returned: code: 1  signal: null
13 info lifecycle pingwin@0.0.1~start-fe: Failed to exec start-fe script
14 verbose stack Error: pingwin@0.0.1 start-fe: `cd frontend && webpack-dev-server`
14 verbose stack Exit status 1
14 verbose stack     at EventEmitter.<anonymous> (/usr/local/lib/node_modules/npm/lib/utils/lifecycle.js:255:16)
14 verbose stack     at emitTwo (events.js:126:13)
14 verbose stack     at EventEmitter.emit (events.js:214:7)
14 verbose stack     at ChildProcess.<anonymous> (/usr/local/lib/node_modules/npm/lib/utils/spawn.js:40:14)
14 verbose stack     at emitTwo (events.js:126:13)
14 verbose stack     at ChildProcess.emit (events.js:214:7)
14 verbose stack     at maybeClose (internal/child_process.js:925:16)
14 verbose stack     at Process.ChildProcess._handle.onexit (internal/child_process.js:209:5)
15 verbose pkgid pingwin@0.0.1
16 verbose cwd /home/filip/code/pingwin
17 error Linux 4.9.0-5-amd64
18 error argv "/usr/local/bin/node" "/usr/local/bin/npm" "run" "start-fe"
19 error node v8.9.2
20 error npm  v3.10.10
21 error code ELIFECYCLE
22 error pingwin@0.0.1 start-fe: `cd frontend && webpack-dev-server`
22 error Exit status 1
23 error Failed at the pingwin@0.0.1 start-fe script 'cd frontend && webpack-dev-server'.
23 error Make sure you have the latest version of node.js and npm installed.
23 error If you do, this is most likely a problem with the pingwin package,
23 error not with npm itself.
23 error Tell the author that this fails on your system:
23 error     cd frontend && webpack-dev-server
23 error You can get information on how to open an issue for this project with:
23 error     npm bugs pingwin
23 error Or if that isn't available, you can get their info via:
23 error     npm owner ls pingwin
23 error There is likely additional logging output above.
24 verbose exit [ 1, true ]
